
2017-11-09T12:44:39-05:00 NOTICE (5): Page not found
2017-11-09T12:44:39-05:00 NOTICE (5): Invalid controller specified (index.php)
2017-11-09T12:44:39-05:00 NOTICE (5): #0 /home/cabox/workspace/treinamento/library/Zend/Controller/Front.php(954): Zend_Controller_Dispatcher_Standard->dispatch(Object(Zend_Controller_Request_Http), Object(Zend_Controller_Response_Http))
#1 /home/cabox/workspace/treinamento/library/Zend/Application/Bootstrap/Bootstrap.php(97): Zend_Controller_Front->dispatch()
#2 /home/cabox/workspace/treinamento/init.php(40): Zend_Application_Bootstrap_Bootstrap->run()
#3 /home/cabox/workspace/treinamento/public/index.php(3): Application::run()
#4 {main}
2017-11-09T12:44:39-05:00 NOTICE (5): array (
  'controller' => 'index.php',
  'action' => 'index',
  'module' => 'default',
)
2017-11-09T12:46:05-05:00 NOTICE (5): Page not found
2017-11-09T12:46:05-05:00 NOTICE (5): Invalid controller specified (index.php)
2017-11-09T12:46:05-05:00 NOTICE (5): #0 /home/cabox/workspace/treinamento/library/Zend/Controller/Front.php(954): Zend_Controller_Dispatcher_Standard->dispatch(Object(Zend_Controller_Request_Http), Object(Zend_Controller_Response_Http))
#1 /home/cabox/workspace/treinamento/library/Zend/Application/Bootstrap/Bootstrap.php(97): Zend_Controller_Front->dispatch()
#2 /home/cabox/workspace/treinamento/init.php(40): Zend_Application_Bootstrap_Bootstrap->run()
#3 /home/cabox/workspace/treinamento/public/index.php(3): Application::run()
#4 {main}
2017-11-09T12:46:05-05:00 NOTICE (5): array (
  'controller' => 'index.php',
  'action' => 'index',
  'module' => 'default',
)
2017-11-09T12:46:05-05:00 NOTICE (5): Page not found
2017-11-09T12:46:05-05:00 NOTICE (5): Invalid controller specified (index.php)
2017-11-09T12:46:05-05:00 NOTICE (5): #0 /home/cabox/workspace/treinamento/library/Zend/Controller/Front.php(954): Zend_Controller_Dispatcher_Standard->dispatch(Object(Zend_Controller_Request_Http), Object(Zend_Controller_Response_Http))
#1 /home/cabox/workspace/treinamento/library/Zend/Application/Bootstrap/Bootstrap.php(97): Zend_Controller_Front->dispatch()
#2 /home/cabox/workspace/treinamento/init.php(40): Zend_Application_Bootstrap_Bootstrap->run()
#3 /home/cabox/workspace/treinamento/public/index.php(3): Application::run()
#4 {main}
2017-11-09T12:46:05-05:00 NOTICE (5): array (
  'controller' => 'index.php',
  'action' => 'css',
  'module' => 'default',
)
2017-11-09T12:46:05-05:00 NOTICE (5): Page not found
2017-11-09T12:46:05-05:00 NOTICE (5): Invalid controller specified (index.php)
2017-11-09T12:46:05-05:00 NOTICE (5): #0 /home/cabox/workspace/treinamento/library/Zend/Controller/Front.php(954): Zend_Controller_Dispatcher_Standard->dispatch(Object(Zend_Controller_Request_Http), Object(Zend_Controller_Response_Http))
#1 /home/cabox/workspace/treinamento/library/Zend/Application/Bootstrap/Bootstrap.php(97): Zend_Controller_Front->dispatch()
#2 /home/cabox/workspace/treinamento/init.php(40): Zend_Application_Bootstrap_Bootstrap->run()
#3 /home/cabox/workspace/treinamento/public/index.php(3): Application::run()
#4 {main}
2017-11-09T12:46:05-05:00 NOTICE (5): array (
  'controller' => 'index.php',
  'action' => 'js',
  'module' => 'default',
)
2017-11-09T12:46:05-05:00 NOTICE (5): Page not found
2017-11-09T12:46:05-05:00 NOTICE (5): Invalid controller specified (index.php)
2017-11-09T12:46:05-05:00 NOTICE (5): #0 /home/cabox/workspace/treinamento/library/Zend/Controller/Front.php(954): Zend_Controller_Dispatcher_Standard->dispatch(Object(Zend_Controller_Request_Http), Object(Zend_Controller_Response_Http))
#1 /home/cabox/workspace/treinamento/library/Zend/Application/Bootstrap/Bootstrap.php(97): Zend_Controller_Front->dispatch()
#2 /home/cabox/workspace/treinamento/init.php(40): Zend_Application_Bootstrap_Bootstrap->run()
#3 /home/cabox/workspace/treinamento/public/index.php(3): Application::run()
#4 {main}
2017-11-09T12:46:05-05:00 NOTICE (5): array (
  'controller' => 'index.php',
  'action' => 'css',
  'module' => 'default',
)
2017-11-09T12:46:05-05:00 NOTICE (5): Page not found
2017-11-09T12:46:05-05:00 NOTICE (5): Page not found
2017-11-09T12:46:05-05:00 NOTICE (5): Invalid controller specified (index.php)
2017-11-09T12:46:05-05:00 NOTICE (5): Invalid controller specified (index.php)
2017-11-09T12:46:05-05:00 NOTICE (5): #0 /home/cabox/workspace/treinamento/library/Zend/Controller/Front.php(954): Zend_Controller_Dispatcher_Standard->dispatch(Object(Zend_Controller_Request_Http), Object(Zend_Controller_Response_Http))
#1 /home/cabox/workspace/treinamento/library/Zend/Application/Bootstrap/Bootstrap.php(97): Zend_Controller_Front->dispatch()
#2 /home/cabox/workspace/treinamento/init.php(40): Zend_Application_Bootstrap_Bootstrap->run()
#3 /home/cabox/workspace/treinamento/public/index.php(3): Application::run()
#4 {main}
2017-11-09T12:46:05-05:00 NOTICE (5): #0 /home/cabox/workspace/treinamento/library/Zend/Controller/Front.php(954): Zend_Controller_Dispatcher_Standard->dispatch(Object(Zend_Controller_Request_Http), Object(Zend_Controller_Response_Http))
#1 /home/cabox/workspace/treinamento/library/Zend/Application/Bootstrap/Bootstrap.php(97): Zend_Controller_Front->dispatch()
#2 /home/cabox/workspace/treinamento/init.php(40): Zend_Application_Bootstrap_Bootstrap->run()
#3 /home/cabox/workspace/treinamento/public/index.php(3): Application::run()
#4 {main}
2017-11-09T12:46:05-05:00 NOTICE (5): array (
  'controller' => 'index.php',
  'action' => 'js',
  'module' => 'default',
)
2017-11-09T12:46:05-05:00 NOTICE (5): array (
  'controller' => 'index.php',
  'action' => 'js',
  'module' => 'default',
)
2017-11-09T12:46:05-05:00 NOTICE (5): Page not found
2017-11-09T12:46:05-05:00 NOTICE (5): Invalid controller specified (index.php)
2017-11-09T12:46:05-05:00 NOTICE (5): #0 /home/cabox/workspace/treinamento/library/Zend/Controller/Front.php(954): Zend_Controller_Dispatcher_Standard->dispatch(Object(Zend_Controller_Request_Http), Object(Zend_Controller_Response_Http))
#1 /home/cabox/workspace/treinamento/library/Zend/Application/Bootstrap/Bootstrap.php(97): Zend_Controller_Front->dispatch()
#2 /home/cabox/workspace/treinamento/init.php(40): Zend_Application_Bootstrap_Bootstrap->run()
#3 /home/cabox/workspace/treinamento/public/index.php(3): Application::run()
#4 {main}
2017-11-09T12:46:05-05:00 NOTICE (5): array (
  'controller' => 'index.php',
  'action' => 'css',
  'module' => 'default',
)
2017-11-09T12:46:06-05:00 NOTICE (5): Page not found
2017-11-09T12:46:06-05:00 NOTICE (5): Invalid controller specified (index.php)
2017-11-09T12:46:06-05:00 NOTICE (5): #0 /home/cabox/workspace/treinamento/library/Zend/Controller/Front.php(954): Zend_Controller_Dispatcher_Standard->dispatch(Object(Zend_Controller_Request_Http), Object(Zend_Controller_Response_Http))
#1 /home/cabox/workspace/treinamento/library/Zend/Application/Bootstrap/Bootstrap.php(97): Zend_Controller_Front->dispatch()
#2 /home/cabox/workspace/treinamento/init.php(40): Zend_Application_Bootstrap_Bootstrap->run()
#3 /home/cabox/workspace/treinamento/public/index.php(3): Application::run()
#4 {main}
2017-11-09T12:46:06-05:00 NOTICE (5): array (
  'controller' => 'index.php',
  'action' => 'js',
  'module' => 'default',
)
2017-11-09T12:46:06-05:00 NOTICE (5): Page not found
2017-11-09T12:46:06-05:00 NOTICE (5): Invalid controller specified (index.php)
2017-11-09T12:46:06-05:00 NOTICE (5): #0 /home/cabox/workspace/treinamento/library/Zend/Controller/Front.php(954): Zend_Controller_Dispatcher_Standard->dispatch(Object(Zend_Controller_Request_Http), Object(Zend_Controller_Response_Http))
#1 /home/cabox/workspace/treinamento/library/Zend/Application/Bootstrap/Bootstrap.php(97): Zend_Controller_Front->dispatch()
#2 /home/cabox/workspace/treinamento/init.php(40): Zend_Application_Bootstrap_Bootstrap->run()
#3 /home/cabox/workspace/treinamento/public/index.php(3): Application::run()
#4 {main}
2017-11-09T12:46:06-05:00 NOTICE (5): array (
  'controller' => 'index.php',
  'action' => 'js',
  'module' => 'default',
)
2017-11-09T12:46:06-05:00 NOTICE (5): Page not found
2017-11-09T12:46:06-05:00 NOTICE (5): Invalid controller specified (index.php)
2017-11-09T12:46:06-05:00 NOTICE (5): #0 /home/cabox/workspace/treinamento/library/Zend/Controller/Front.php(954): Zend_Controller_Dispatcher_Standard->dispatch(Object(Zend_Controller_Request_Http), Object(Zend_Controller_Response_Http))
#1 /home/cabox/workspace/treinamento/library/Zend/Application/Bootstrap/Bootstrap.php(97): Zend_Controller_Front->dispatch()
#2 /home/cabox/workspace/treinamento/init.php(40): Zend_Application_Bootstrap_Bootstrap->run()
#3 /home/cabox/workspace/treinamento/public/index.php(3): Application::run()
#4 {main}
2017-11-09T12:46:06-05:00 NOTICE (5): array (
  'controller' => 'index.php',
  'action' => 'js',
  'module' => 'default',
)
2017-11-09T12:46:07-05:00 NOTICE (5): Page not found
2017-11-09T12:46:07-05:00 NOTICE (5): Invalid controller specified (index.php)
2017-11-09T12:46:07-05:00 NOTICE (5): #0 /home/cabox/workspace/treinamento/library/Zend/Controller/Front.php(954): Zend_Controller_Dispatcher_Standard->dispatch(Object(Zend_Controller_Request_Http), Object(Zend_Controller_Response_Http))
#1 /home/cabox/workspace/treinamento/library/Zend/Application/Bootstrap/Bootstrap.php(97): Zend_Controller_Front->dispatch()
#2 /home/cabox/workspace/treinamento/init.php(40): Zend_Application_Bootstrap_Bootstrap->run()
#3 /home/cabox/workspace/treinamento/public/index.php(3): Application::run()
#4 {main}
2017-11-09T12:46:07-05:00 NOTICE (5): array (
  'controller' => 'index.php',
  'action' => 'js',
  'module' => 'default',
)
2017-11-09T12:46:07-05:00 NOTICE (5): Page not found
2017-11-09T12:46:07-05:00 NOTICE (5): Invalid controller specified (favicon.ico)
2017-11-09T12:46:07-05:00 NOTICE (5): #0 /home/cabox/workspace/treinamento/library/Zend/Controller/Front.php(954): Zend_Controller_Dispatcher_Standard->dispatch(Object(Zend_Controller_Request_Http), Object(Zend_Controller_Response_Http))
#1 /home/cabox/workspace/treinamento/library/Zend/Application/Bootstrap/Bootstrap.php(97): Zend_Controller_Front->dispatch()
#2 /home/cabox/workspace/treinamento/init.php(40): Zend_Application_Bootstrap_Bootstrap->run()
#3 /home/cabox/workspace/treinamento/public/index.php(3): Application::run()
#4 {main}
2017-11-09T12:46:07-05:00 NOTICE (5): array (
  'controller' => 'favicon.ico',
  'action' => 'index',
  'module' => 'default',
)
